kotlin version: 2.0.0
error message: java.lang.OutOfMemoryError: GC overhead limit exceeded
	at java.base/java.util.LinkedHashMap.newNode(LinkedHashMap.java:257)
	at java.base/java.util.HashMap.putVal(HashMap.java:629)
	at java.base/java.util.HashMap.put(HashMap.java:610)
	at org.jetbrains.kotlin.backend.wasm.ir2wasm.WasmCompiledModuleFragment$ReferencableAndDefinable.define(WasmCompiledModuleFragment.kt:95)
	at org.jetbrains.kotlin.backend.wasm.ir2wasm.WasmModuleCodegenContext.defineFunction(WasmModuleCodegenContext.kt:83)
	at org.jetbrains.kotlin.backend.wasm.ir2wasm.DeclarationGenerator.visitFunction(DeclarationGenerator.kt:175)
	at org.jetbrains.kotlin.ir.visitors.IrElementVisitorVoid$DefaultImpls.visitSimpleFunction(IrElementVisitorVoid.kt:144)
	at org.jetbrains.kotlin.backend.wasm.ir2wasm.DeclarationGenerator.visitSimpleFunction(DeclarationGenerator.kt:30)
	at org.jetbrains.kotlin.ir.visitors.IrElementVisitorVoid$DefaultImpls.visitSimpleFunction(IrElementVisitorVoid.kt:140)
	at org.jetbrains.kotlin.backend.wasm.ir2wasm.DeclarationGenerator.visitSimpleFunction(DeclarationGenerator.kt:30)
	at org.jetbrains.kotlin.backend.wasm.ir2wasm.DeclarationGenerator.visitSimpleFunction(DeclarationGenerator.kt:30)
	at org.jetbrains.kotlin.ir.declarations.IrSimpleFunction.accept(IrSimpleFunction.kt:36)
	at org.jetbrains.kotlin.ir.visitors.IrVisitorsKt.acceptVoid(IrVisitors.kt:11)
	at org.jetbrains.kotlin.backend.wasm.ir2wasm.WasmModuleFragmentGenerator.acceptVisitor(WasmModuleFragmentGenerator.kt:65)
	at org.jetbrains.kotlin.backend.wasm.ir2wasm.WasmModuleFragmentGenerator.generateModule(WasmModuleFragmentGenerator.kt:59)
	at org.jetbrains.kotlin.backend.wasm.WasmCompilerKt.compileWasm-uzOlIq4(wasmCompiler.kt:140)
	at org.jetbrains.kotlin.cli.js.K2JsIrCompiler.doExecute(K2JsIrCompiler.kt:418)
	at org.jetbrains.kotlin.cli.js.K2JSCompiler.doExecute(K2JSCompiler.java:109)
	at org.jetbrains.kotlin.cli.js.K2JSCompiler.doExecute(K2JSCompiler.java:72)
	at org.jetbrains.kotlin.cli.common.CLICompiler.execImpl(CLICompiler.kt:104)
	at org.jetbrains.kotlin.cli.common.CLICompiler.execImpl(CLICompiler.kt:48)
	at org.jetbrains.kotlin.cli.common.CLITool.exec(CLITool.kt:101)
	at org.jetbrains.kotlin.daemon.CompileServiceImpl.compile(CompileServiceImpl.kt:1556)
	at java.base/jdk.internal.reflect.NativeMethodAccessorImpl.invoke0(Native Method)
	at java.base/jdk.internal.reflect.NativeMethodAccessorImpl.invoke(NativeMethodAccessorImpl.java:77)
	at java.base/jdk.internal.reflect.DelegatingMethodAccessorImpl.invoke(DelegatingMethodAccessorImpl.java:43)
	at java.base/java.lang.reflect.Method.invoke(Method.java:568)
	at java.rmi/sun.rmi.server.UnicastServerRef.dispatch(UnicastServerRef.java:360)
	at java.rmi/sun.rmi.transport.Transport$1.run(Transport.java:200)
	at java.rmi/sun.rmi.transport.Transport$1.run(Transport.java:197)
	at java.base/java.security.AccessController.executePrivileged(AccessController.java:807)
	at java.base/java.security.AccessController.doPrivileged(AccessController.java:712)


